<?xml version="1.0" encoding="UTF-8"?>
<!-- Generated by org.testng.reporters.JUnitReportReporter -->
<testsuite hostname="LAPTOP-FTHAVO9K" failures="0" tests="1" name="com.qa.test.LoginTest" time="1.871" errors="0" timestamp="29 May 2022 06:33:20 GMT">
  <testcase classname="com.qa.test.LoginTest" name="loginTest" time="1.871"/>
</testsuite> <!-- com.qa.test.LoginTest -->
